{"C:\\Users\\Biel_\\nimbus-data-processing\\src\\config.js": {"path":"C:\\Users\\Biel_\\nimbus-data-processing\\src\\config.js","statementMap":{"0":{"start":{"line":3,"column":25},"end":{"line":3,"column":46}},"1":{"start":{"line":4,"column":29},"end":{"line":4,"column":54}},"2":{"start":{"line":5,"column":37},"end":{"line":5,"column":70}},"3":{"start":{"line":8,"column":2},"end":{"line":8,"column":57}},"4":{"start":{"line":10,"column":36},"end":{"line":10,"column":38}},"5":{"start":{"line":11,"column":31},"end":{"line":11,"column":63}},"6":{"start":{"line":13,"column":0},"end":{"line":17,"column":1}},"7":{"start":{"line":14,"column":2},"end":{"line":16,"column":4}}},"fnMap":{},"branchMap":{"0":{"loc":{"start":{"line":8,"column":2},"end":{"line":8,"column":57}},"type":"binary-expr","locations":[{"start":{"line":8,"column":2},"end":{"line":8,"column":26}},{"start":{"line":8,"column":30},"end":{"line":8,"column":57}}],"line":8},"1":{"loc":{"start":{"line":13,"column":0},"end":{"line":17,"column":1}},"type":"if","locations":[{"start":{"line":13,"column":0},"end":{"line":17,"column":1}},{"start":{},"end":{}}],"line":13},"2":{"loc":{"start":{"line":13,"column":4},"end":{"line":13,"column":58}},"type":"binary-expr","locations":[{"start":{"line":13,"column":4},"end":{"line":13,"column":14}},{"start":{"line":13,"column":18},"end":{"line":13,"column":32}},{"start":{"line":13,"column":36},"end":{"line":13,"column":58}}],"line":13}},"s":{"0":1,"1":1,"2":1,"3":1,"4":1,"5":1,"6":1,"7":0},"f":{},"b":{"0":[1,1],"1":[0,1],"2":[1,1,1]},"meta":{"lastBranch":3,"lastFunction":0,"lastStatement":8,"seen":{"s:3:25:3:46":0,"s:4:29:4:54":1,"s:5:37:5:70":2,"s:8:2:8:57":3,"b:8:2:8:26:8:30:8:57":0,"s:10:36:10:38":4,"s:11:31:11:63":5,"b:13:0:17:1:undefined:undefined:undefined:undefined":1,"s:13:0:17:1":6,"b:13:4:13:14:13:18:13:32:13:36:13:58":2,"s:14:2:16:4":7}}}
,"C:\\Users\\Biel_\\nimbus-data-processing\\src\\services\\apiService.js": {"path":"C:\\Users\\Biel_\\nimbus-data-processing\\src\\services\\apiService.js","statementMap":{"0":{"start":{"line":5,"column":2},"end":{"line":27,"column":3}},"1":{"start":{"line":6,"column":21},"end":{"line":8,"column":5}},"2":{"start":{"line":10,"column":4},"end":{"line":10,"column":25}},"3":{"start":{"line":12,"column":4},"end":{"line":24,"column":5}},"4":{"start":{"line":13,"column":6},"end":{"line":15,"column":8}},"5":{"start":{"line":16,"column":11},"end":{"line":24,"column":5}},"6":{"start":{"line":17,"column":6},"end":{"line":19,"column":8}},"7":{"start":{"line":21,"column":6},"end":{"line":23,"column":8}},"8":{"start":{"line":26,"column":4},"end":{"line":26,"column":16}}},"fnMap":{"0":{"name":"getTipoParametrosFromStationId","decl":{"start":{"line":4,"column":22},"end":{"line":4,"column":52}},"loc":{"start":{"line":4,"column":58},"end":{"line":28,"column":1}},"line":4}},"branchMap":{"0":{"loc":{"start":{"line":12,"column":4},"end":{"line":24,"column":5}},"type":"if","locations":[{"start":{"line":12,"column":4},"end":{"line":24,"column":5}},{"start":{"line":16,"column":11},"end":{"line":24,"column":5}}],"line":12},"1":{"loc":{"start":{"line":16,"column":11},"end":{"line":24,"column":5}},"type":"if","locations":[{"start":{"line":16,"column":11},"end":{"line":24,"column":5}},{"start":{"line":20,"column":11},"end":{"line":24,"column":5}}],"line":16}},"s":{"0":0,"1":0,"2":0,"3":0,"4":0,"5":0,"6":0,"7":0,"8":0},"f":{"0":0},"b":{"0":[0,0],"1":[0,0]},"meta":{"lastBranch":2,"lastFunction":1,"lastStatement":9,"seen":{"f:4:22:4:52":0,"s:5:2:27:3":0,"s:6:21:8:5":1,"s:10:4:10:25":2,"b:12:4:24:5:16:11:24:5":0,"s:12:4:24:5":3,"s:13:6:15:8":4,"b:16:11:24:5:20:11:24:5":1,"s:16:11:24:5":5,"s:17:6:19:8":6,"s:21:6:23:8":7,"s:26:4:26:16":8}}}
,"C:\\Users\\Biel_\\nimbus-data-processing\\src\\services\\dataProcessor.js": {"path":"C:\\Users\\Biel_\\nimbus-data-processing\\src\\services\\dataProcessor.js","statementMap":{"0":{"start":{"line":5,"column":15},"end":{"line":5,"column":33}},"1":{"start":{"line":6,"column":11},"end":{"line":6,"column":32}},"2":{"start":{"line":9,"column":2},"end":{"line":13,"column":3}},"3":{"start":{"line":10,"column":4},"end":{"line":10,"column":37}},"4":{"start":{"line":12,"column":4},"end":{"line":12,"column":78}},"5":{"start":{"line":17,"column":33},"end":{"line":17,"column":36}},"6":{"start":{"line":18,"column":2},"end":{"line":18,"column":62}},"7":{"start":{"line":20,"column":20},"end":{"line":20,"column":44}},"8":{"start":{"line":21,"column":28},"end":{"line":27,"column":3}},"9":{"start":{"line":28,"column":2},"end":{"line":28,"column":35}},"10":{"start":{"line":30,"column":14},"end":{"line":30,"column":33}},"11":{"start":{"line":31,"column":2},"end":{"line":49,"column":3}},"12":{"start":{"line":32,"column":23},"end":{"line":38,"column":8}},"13":{"start":{"line":39,"column":4},"end":{"line":46,"column":5}},"14":{"start":{"line":40,"column":6},"end":{"line":40,"column":81}},"15":{"start":{"line":42,"column":19},"end":{"line":42,"column":40}},"16":{"start":{"line":43,"column":6},"end":{"line":45,"column":8}},"17":{"start":{"line":48,"column":4},"end":{"line":48,"column":75}},"18":{"start":{"line":51,"column":25},"end":{"line":51,"column":66}},"19":{"start":{"line":52,"column":2},"end":{"line":54,"column":3}},"20":{"start":{"line":53,"column":4},"end":{"line":53,"column":11}},"21":{"start":{"line":56,"column":27},"end":{"line":56,"column":36}},"22":{"start":{"line":57,"column":2},"end":{"line":64,"column":3}},"23":{"start":{"line":58,"column":4},"end":{"line":63,"column":5}},"24":{"start":{"line":59,"column":22},"end":{"line":59,"column":47}},"25":{"start":{"line":60,"column":6},"end":{"line":62,"column":7}},"26":{"start":{"line":61,"column":8},"end":{"line":61,"column":62}},"27":{"start":{"line":66,"column":27},"end":{"line":66,"column":29}},"28":{"start":{"line":67,"column":25},"end":{"line":67,"column":47}},"29":{"start":{"line":69,"column":2},"end":{"line":95,"column":3}},"30":{"start":{"line":70,"column":28},"end":{"line":70,"column":60}},"31":{"start":{"line":71,"column":4},"end":{"line":76,"column":5}},"32":{"start":{"line":72,"column":6},"end":{"line":74,"column":8}},"33":{"start":{"line":75,"column":6},"end":{"line":75,"column":15}},"34":{"start":{"line":78,"column":22},"end":{"line":81,"column":6}},"35":{"start":{"line":83,"column":4},"end":{"line":88,"column":5}},"36":{"start":{"line":84,"column":6},"end":{"line":86,"column":8}},"37":{"start":{"line":87,"column":6},"end":{"line":87,"column":15}},"38":{"start":{"line":90,"column":4},"end":{"line":94,"column":7}},"39":{"start":{"line":97,"column":2},"end":{"line":127,"column":3}},"40":{"start":{"line":98,"column":4},"end":{"line":121,"column":5}},"41":{"start":{"line":99,"column":24},"end":{"line":102,"column":8}},"42":{"start":{"line":104,"column":6},"end":{"line":112,"column":7}},"43":{"start":{"line":105,"column":8},"end":{"line":107,"column":10}},"44":{"start":{"line":109,"column":8},"end":{"line":111,"column":10}},"45":{"start":{"line":114,"column":6},"end":{"line":114,"column":56}},"46":{"start":{"line":115,"column":6},"end":{"line":115,"column":80}},"47":{"start":{"line":117,"column":6},"end":{"line":120,"column":8}},"48":{"start":{"line":123,"column":4},"end":{"line":125,"column":6}},"49":{"start":{"line":126,"column":4},"end":{"line":126,"column":54}}},"fnMap":{"0":{"name":"sendWsMessage","decl":{"start":{"line":8,"column":9},"end":{"line":8,"column":22}},"loc":{"start":{"line":8,"column":32},"end":{"line":14,"column":1}},"line":8},"1":{"name":"processDocument","decl":{"start":{"line":16,"column":22},"end":{"line":16,"column":37}},"loc":{"start":{"line":16,"column":60},"end":{"line":128,"column":1}},"line":16}},"branchMap":{"0":{"loc":{"start":{"line":9,"column":2},"end":{"line":13,"column":3}},"type":"if","locations":[{"start":{"line":9,"column":2},"end":{"line":13,"column":3}},{"start":{"line":11,"column":9},"end":{"line":13,"column":3}}],"line":9},"1":{"loc":{"start":{"line":39,"column":4},"end":{"line":46,"column":5}},"type":"if","locations":[{"start":{"line":39,"column":4},"end":{"line":46,"column":5}},{"start":{"line":41,"column":11},"end":{"line":46,"column":5}}],"line":39},"2":{"loc":{"start":{"line":52,"column":2},"end":{"line":54,"column":3}},"type":"if","locations":[{"start":{"line":52,"column":2},"end":{"line":54,"column":3}},{"start":{},"end":{}}],"line":52},"3":{"loc":{"start":{"line":58,"column":4},"end":{"line":63,"column":5}},"type":"if","locations":[{"start":{"line":58,"column":4},"end":{"line":63,"column":5}},{"start":{},"end":{}}],"line":58},"4":{"loc":{"start":{"line":60,"column":6},"end":{"line":62,"column":7}},"type":"if","locations":[{"start":{"line":60,"column":6},"end":{"line":62,"column":7}},{"start":{},"end":{}}],"line":60},"5":{"loc":{"start":{"line":71,"column":4},"end":{"line":76,"column":5}},"type":"if","locations":[{"start":{"line":71,"column":4},"end":{"line":76,"column":5}},{"start":{},"end":{}}],"line":71},"6":{"loc":{"start":{"line":83,"column":4},"end":{"line":88,"column":5}},"type":"if","locations":[{"start":{"line":83,"column":4},"end":{"line":88,"column":5}},{"start":{},"end":{}}],"line":83},"7":{"loc":{"start":{"line":97,"column":2},"end":{"line":127,"column":3}},"type":"if","locations":[{"start":{"line":97,"column":2},"end":{"line":127,"column":3}},{"start":{"line":122,"column":9},"end":{"line":127,"column":3}}],"line":97},"8":{"loc":{"start":{"line":104,"column":6},"end":{"line":112,"column":7}},"type":"if","locations":[{"start":{"line":104,"column":6},"end":{"line":112,"column":7}},{"start":{"line":108,"column":13},"end":{"line":112,"column":7}}],"line":104}},"s":{"0":1,"1":1,"2":2,"3":0,"4":2,"5":2,"6":2,"7":2,"8":2,"9":2,"10":2,"11":2,"12":2,"13":2,"14":2,"15":0,"16":0,"17":0,"18":2,"19":2,"20":0,"21":2,"22":2,"23":2,"24":2,"25":2,"26":2,"27":2,"28":2,"29":2,"30":3,"31":3,"32":1,"33":1,"34":2,"35":2,"36":0,"37":0,"38":2,"39":2,"40":1,"41":1,"42":1,"43":1,"44":0,"45":1,"46":1,"47":0,"48":1,"49":1},"f":{"0":2,"1":2},"b":{"0":[0,2],"1":[2,0],"2":[0,2],"3":[2,0],"4":[2,0],"5":[1,2],"6":[0,2],"7":[1,1],"8":[1,0]},"meta":{"lastBranch":9,"lastFunction":2,"lastStatement":50,"seen":{"s:5:15:5:33":0,"s:6:11:6:32":1,"f:8:9:8:22":0,"b:9:2:13:3:11:9:13:3":0,"s:9:2:13:3":2,"s:10:4:10:37":3,"s:12:4:12:78":4,"f:16:22:16:37":1,"s:17:33:17:36":5,"s:18:2:18:62":6,"s:20:20:20:44":7,"s:21:28:27:3":8,"s:28:2:28:35":9,"s:30:14:30:33":10,"s:31:2:49:3":11,"s:32:23:38:8":12,"b:39:4:46:5:41:11:46:5":1,"s:39:4:46:5":13,"s:40:6:40:81":14,"s:42:19:42:40":15,"s:43:6:45:8":16,"s:48:4:48:75":17,"s:51:25:51:66":18,"b:52:2:54:3:undefined:undefined:undefined:undefined":2,"s:52:2:54:3":19,"s:53:4:53:11":20,"s:56:27:56:36":21,"s:57:2:64:3":22,"b:58:4:63:5:undefined:undefined:undefined:undefined":3,"s:58:4:63:5":23,"s:59:22:59:47":24,"b:60:6:62:7:undefined:undefined:undefined:undefined":4,"s:60:6:62:7":25,"s:61:8:61:62":26,"s:66:27:66:29":27,"s:67:25:67:47":28,"s:69:2:95:3":29,"s:70:28:70:60":30,"b:71:4:76:5:undefined:undefined:undefined:undefined":5,"s:71:4:76:5":31,"s:72:6:74:8":32,"s:75:6:75:15":33,"s:78:22:81:6":34,"b:83:4:88:5:undefined:undefined:undefined:undefined":6,"s:83:4:88:5":35,"s:84:6:86:8":36,"s:87:6:87:15":37,"s:90:4:94:7":38,"b:97:2:127:3:122:9:127:3":7,"s:97:2:127:3":39,"s:98:4:121:5":40,"s:99:24:102:8":41,"b:104:6:112:7:108:13:112:7":8,"s:104:6:112:7":42,"s:105:8:107:10":43,"s:109:8:111:10":44,"s:114:6:114:56":45,"s:115:6:115:80":46,"s:117:6:120:8":47,"s:123:4:125:6":48,"s:126:4:126:54":49}}}
}
